[2026-07-17T18:34:34.961+0000] {manager.py:483} INFO - Processing files using up to 2 processes at a time 
[2026-07-17T18:34:34.961+0000] {manager.py:484} INFO - Process each file at most once every 30 seconds
[2026-07-17T18:34:34.962+0000] {manager.py:485} INFO - Checking for new files in /opt/airflow/dags every 300 seconds
[2026-07-17T18:34:34.962+0000] {manager.py:821} INFO - Searching for files in /opt/airflow/dags
[2026-07-17T18:34:34.965+0000] {manager.py:824} INFO - There are 2 files in /opt/airflow/dags
[2026-07-17T18:34:35.195+0000] {manager.py:997} INFO - 
================================================================================
DAG File Processing Stats

File Path                              PID  Runtime      # DAGs    # Errors  Last Runtime    Last Run      Last # of DB Queries
-----------------------------------  -----  ---------  --------  ----------  --------------  ----------  ----------------------
/opt/airflow/dags/ingestion_dag.py     172  0.03s             0           0                                                   0
/opt/airflow/dags/prediction_dag.py    169  0.16s             0           0                                                   0
================================================================================
[2026-07-17T18:35:05.437+0000] {manager.py:997} INFO - 
================================================================================
DAG File Processing Stats

File Path                            PID    Runtime      # DAGs    # Errors  Last Runtime    Last Run               Last # of DB Queries
-----------------------------------  -----  ---------  --------  ----------  --------------  -------------------  ----------------------
/opt/airflow/dags/prediction_dag.py                           1           0  0.50s           2026-07-17T18:34:35                      45
/opt/airflow/dags/ingestion_dag.py                            1           0  0.37s           2026-07-17T18:34:35                      45
================================================================================
[2026-07-17T18:35:36.123+0000] {manager.py:997} INFO - 
================================================================================
DAG File Processing Stats

File Path                              PID  Runtime      # DAGs    # Errors  Last Runtime    Last Run               Last # of DB Queries
-----------------------------------  -----  ---------  --------  ----------  --------------  -------------------  ----------------------
/opt/airflow/dags/prediction_dag.py    193  0.02s             1           0  0.21s           2026-07-17T18:35:06                      12
/opt/airflow/dags/ingestion_dag.py     196  0.01s             1           0  0.20s           2026-07-17T18:35:06                      12
================================================================================
[2026-07-17T18:36:06.469+0000] {manager.py:997} INFO - 
================================================================================
DAG File Processing Stats

File Path                              PID  Runtime      # DAGs    # Errors  Last Runtime    Last Run               Last # of DB Queries
-----------------------------------  -----  ---------  --------  ----------  --------------  -------------------  ----------------------
/opt/airflow/dags/prediction_dag.py    205  0.02s             1           0  0.17s           2026-07-17T18:35:36                      12
/opt/airflow/dags/ingestion_dag.py     208  0.00s             1           0  0.16s           2026-07-17T18:35:36                      12
================================================================================
[2026-07-17T18:36:36.893+0000] {manager.py:997} INFO - 
================================================================================
DAG File Processing Stats

File Path                              PID  Runtime      # DAGs    # Errors  Last Runtime    Last Run               Last # of DB Queries
-----------------------------------  -----  ---------  --------  ----------  --------------  -------------------  ----------------------
/opt/airflow/dags/prediction_dag.py    217  0.02s             1           0  0.18s           2026-07-17T18:36:06                      12
/opt/airflow/dags/ingestion_dag.py     220  0.00s             1           0  0.17s           2026-07-17T18:36:06                      12
================================================================================
[2026-07-17T18:37:07.224+0000] {manager.py:997} INFO - 
================================================================================
DAG File Processing Stats

File Path                              PID  Runtime      # DAGs    # Errors  Last Runtime    Last Run               Last # of DB Queries
-----------------------------------  -----  ---------  --------  ----------  --------------  -------------------  ----------------------
/opt/airflow/dags/prediction_dag.py    229  0.01s             1           0  0.18s           2026-07-17T18:36:37                      12
/opt/airflow/dags/ingestion_dag.py     232  0.00s             1           0  0.17s           2026-07-17T18:36:37                      12
================================================================================
[2026-07-17T18:37:37.564+0000] {manager.py:997} INFO - 
================================================================================
DAG File Processing Stats

File Path                              PID  Runtime      # DAGs    # Errors  Last Runtime    Last Run               Last # of DB Queries
-----------------------------------  -----  ---------  --------  ----------  --------------  -------------------  ----------------------
/opt/airflow/dags/prediction_dag.py    241  0.01s             1           0  0.18s           2026-07-17T18:37:07                      12
/opt/airflow/dags/ingestion_dag.py     244  0.00s             1           0  0.18s           2026-07-17T18:37:07                      12
================================================================================
[2026-07-17T18:38:07.991+0000] {manager.py:997} INFO - 
================================================================================
DAG File Processing Stats

File Path                              PID  Runtime      # DAGs    # Errors  Last Runtime    Last Run               Last # of DB Queries
-----------------------------------  -----  ---------  --------  ----------  --------------  -------------------  ----------------------
/opt/airflow/dags/prediction_dag.py    253  0.02s             1           0  0.16s           2026-07-17T18:37:37                      12
/opt/airflow/dags/ingestion_dag.py     256  0.00s             1           0  0.15s           2026-07-17T18:37:37                      12
================================================================================
[2026-07-17T18:38:38.337+0000] {manager.py:997} INFO - 
================================================================================
DAG File Processing Stats

File Path                              PID  Runtime      # DAGs    # Errors  Last Runtime    Last Run               Last # of DB Queries
-----------------------------------  -----  ---------  --------  ----------  --------------  -------------------  ----------------------
/opt/airflow/dags/prediction_dag.py    265  0.02s             1           0  0.18s           2026-07-17T18:38:08                      12
/opt/airflow/dags/ingestion_dag.py     268  0.00s             1           0  0.17s           2026-07-17T18:38:08                      12
================================================================================
[2026-07-17T18:39:08.737+0000] {manager.py:997} INFO - 
================================================================================
DAG File Processing Stats

File Path                              PID  Runtime      # DAGs    # Errors  Last Runtime    Last Run               Last # of DB Queries
-----------------------------------  -----  ---------  --------  ----------  --------------  -------------------  ----------------------
/opt/airflow/dags/prediction_dag.py    294  0.02s             1           0  0.18s           2026-07-17T18:38:38                      12
/opt/airflow/dags/ingestion_dag.py     297  0.00s             1           0  0.17s           2026-07-17T18:38:38                      12
================================================================================
[2026-07-17T18:39:35.005+0000] {manager.py:821} INFO - Searching for files in /opt/airflow/dags
[2026-07-17T18:39:35.013+0000] {manager.py:824} INFO - There are 2 files in /opt/airflow/dags
[2026-07-17T18:39:39.066+0000] {manager.py:997} INFO - 
================================================================================
DAG File Processing Stats

File Path                              PID  Runtime      # DAGs    # Errors  Last Runtime    Last Run               Last # of DB Queries
-----------------------------------  -----  ---------  --------  ----------  --------------  -------------------  ----------------------
/opt/airflow/dags/prediction_dag.py    323  0.01s             1           0  0.24s           2026-07-17T18:39:08                      12
/opt/airflow/dags/ingestion_dag.py     326  0.00s             1           0  0.23s           2026-07-17T18:39:08                      12
================================================================================
[2026-07-17T18:40:09.582+0000] {manager.py:997} INFO - 
================================================================================
DAG File Processing Stats

File Path                              PID  Runtime      # DAGs    # Errors  Last Runtime    Last Run               Last # of DB Queries
-----------------------------------  -----  ---------  --------  ----------  --------------  -------------------  ----------------------
/opt/airflow/dags/ingestion_dag.py     368  0.00s             1           0  0.20s           2026-07-17T18:39:39                      12
/opt/airflow/dags/prediction_dag.py    365  0.02s             1           0  0.20s           2026-07-17T18:39:39                      12
================================================================================
[2026-07-17T18:40:39.980+0000] {manager.py:997} INFO - 
================================================================================
DAG File Processing Stats

File Path                              PID  Runtime      # DAGs    # Errors  Last Runtime    Last Run               Last # of DB Queries
-----------------------------------  -----  ---------  --------  ----------  --------------  -------------------  ----------------------
/opt/airflow/dags/prediction_dag.py    377  0.03s             1           0  0.23s           2026-07-17T18:40:09                      12
/opt/airflow/dags/ingestion_dag.py     380  0.01s             1           0  0.21s           2026-07-17T18:40:09                      12
================================================================================
[2026-07-17T18:41:10.387+0000] {manager.py:997} INFO - 
================================================================================
DAG File Processing Stats

File Path                              PID  Runtime      # DAGs    # Errors  Last Runtime    Last Run               Last # of DB Queries
-----------------------------------  -----  ---------  --------  ----------  --------------  -------------------  ----------------------
/opt/airflow/dags/prediction_dag.py    407  0.02s             1           0  0.28s           2026-07-17T18:40:40                      12
/opt/airflow/dags/ingestion_dag.py     410  0.00s             1           0  0.25s           2026-07-17T18:40:40                      12
================================================================================
[2026-07-17T18:41:40.816+0000] {manager.py:997} INFO - 
================================================================================
DAG File Processing Stats

File Path                              PID  Runtime      # DAGs    # Errors  Last Runtime    Last Run               Last # of DB Queries
-----------------------------------  -----  ---------  --------  ----------  --------------  -------------------  ----------------------
/opt/airflow/dags/prediction_dag.py    419  0.02s             1           0  0.27s           2026-07-17T18:41:10                      12
/opt/airflow/dags/ingestion_dag.py     422  0.00s             1           0  0.25s           2026-07-17T18:41:10                      12
================================================================================
[2026-07-17T18:42:11.272+0000] {manager.py:997} INFO - 
================================================================================
DAG File Processing Stats

File Path                              PID  Runtime      # DAGs    # Errors  Last Runtime    Last Run               Last # of DB Queries
-----------------------------------  -----  ---------  --------  ----------  --------------  -------------------  ----------------------
/opt/airflow/dags/prediction_dag.py    446  0.02s             1           0  0.38s           2026-07-17T18:41:41                      12
/opt/airflow/dags/ingestion_dag.py     449  0.00s             1           0  0.36s           2026-07-17T18:41:41                      12
================================================================================
[2026-07-17T18:42:41.779+0000] {manager.py:997} INFO - 
================================================================================
DAG File Processing Stats

File Path                              PID  Runtime      # DAGs    # Errors  Last Runtime    Last Run               Last # of DB Queries
-----------------------------------  -----  ---------  --------  ----------  --------------  -------------------  ----------------------
/opt/airflow/dags/prediction_dag.py    458  0.01s             1           0  0.18s           2026-07-17T18:42:11                      12
/opt/airflow/dags/ingestion_dag.py     461  0.00s             1           0  0.17s           2026-07-17T18:42:11                      12
================================================================================
[2026-07-17T18:43:12.136+0000] {manager.py:997} INFO - 
================================================================================
DAG File Processing Stats

File Path                              PID  Runtime      # DAGs    # Errors  Last Runtime    Last Run               Last # of DB Queries
-----------------------------------  -----  ---------  --------  ----------  --------------  -------------------  ----------------------
/opt/airflow/dags/prediction_dag.py    474  0.02s             1           0  0.26s           2026-07-17T18:42:42                      12
/opt/airflow/dags/ingestion_dag.py     477  0.00s             1           0  0.25s           2026-07-17T18:42:42                      12
================================================================================
[2026-07-17T18:43:42.756+0000] {manager.py:997} INFO - 
================================================================================
DAG File Processing Stats

File Path                              PID  Runtime      # DAGs    # Errors  Last Runtime    Last Run               Last # of DB Queries
-----------------------------------  -----  ---------  --------  ----------  --------------  -------------------  ----------------------
/opt/airflow/dags/prediction_dag.py    493  0.02s             1           0  0.41s           2026-07-17T18:43:12                      12
/opt/airflow/dags/ingestion_dag.py     496  0.00s             1           0  0.40s           2026-07-17T18:43:12                      12
================================================================================
[2026-07-17T18:44:13.366+0000] {manager.py:997} INFO - 
================================================================================
DAG File Processing Stats

File Path                              PID  Runtime      # DAGs    # Errors  Last Runtime    Last Run               Last # of DB Queries
-----------------------------------  -----  ---------  --------  ----------  --------------  -------------------  ----------------------
/opt/airflow/dags/prediction_dag.py    554  0.01s             1           0  0.35s           2026-07-17T18:43:43                      12
/opt/airflow/dags/ingestion_dag.py     557  0.00s             1           0  0.33s           2026-07-17T18:43:43                      12
================================================================================
[2026-07-17T18:44:35.629+0000] {manager.py:821} INFO - Searching for files in /opt/airflow/dags
[2026-07-17T18:44:35.639+0000] {manager.py:824} INFO - There are 2 files in /opt/airflow/dags
[2026-07-17T18:44:43.770+0000] {manager.py:997} INFO - 
================================================================================
DAG File Processing Stats

File Path                              PID  Runtime      # DAGs    # Errors  Last Runtime    Last Run               Last # of DB Queries
-----------------------------------  -----  ---------  --------  ----------  --------------  -------------------  ----------------------
/opt/airflow/dags/prediction_dag.py    602  0.03s             1           0  0.27s           2026-07-17T18:44:13                      12
/opt/airflow/dags/ingestion_dag.py     605  0.00s             1           0  0.27s           2026-07-17T18:44:13                      12
================================================================================
[2026-07-17T18:45:14.252+0000] {manager.py:997} INFO - 
================================================================================
DAG File Processing Stats

File Path                              PID  Runtime      # DAGs    # Errors  Last Runtime    Last Run               Last # of DB Queries
-----------------------------------  -----  ---------  --------  ----------  --------------  -------------------  ----------------------
/opt/airflow/dags/prediction_dag.py    634  0.02s             1           0  0.29s           2026-07-17T18:44:44                      12
/opt/airflow/dags/ingestion_dag.py     637  0.00s             1           0  0.26s           2026-07-17T18:44:44                      12
================================================================================
