[2026-07-17T18:44:17.080+0000] {local_task_job_runner.py:123} INFO - ::group::Pre task execution logs
[2026-07-17T18:44:17.088+0000] {taskinstance.py:2614} INFO - Dependencies all met for dep_context=non-requeueable deps ti=<TaskInstance: athlete_data_ingestion.save_statistics manual__2026-07-17T18:44:13+00:00 [queued]>
[2026-07-17T18:44:17.092+0000] {taskinstance.py:2614} INFO - Dependencies all met for dep_context=requeueable deps ti=<TaskInstance: athlete_data_ingestion.save_statistics manual__2026-07-17T18:44:13+00:00 [queued]>
[2026-07-17T18:44:17.092+0000] {taskinstance.py:2867} INFO - Starting attempt 1 of 1
[2026-07-17T18:44:17.097+0000] {taskinstance.py:2890} INFO - Executing <Task(_PythonDecoratedOperator): save_statistics> on 2026-07-17 18:44:13+00:00
[2026-07-17T18:44:17.100+0000] {standard_task_runner.py:72} INFO - Started process 591 to run task
[2026-07-17T18:44:17.103+0000] {standard_task_runner.py:104} INFO - Running: ['airflow', 'tasks', 'run', '***_data_ingestion', 'save_statistics', 'manual__2026-07-17T18:44:13+00:00', '--job-id', '19', '--raw', '--subdir', 'DAGS_FOLDER/ingestion_dag.py', '--cfg-path', '/tmp/tmpxf3ptr46']
[2026-07-17T18:44:17.104+0000] {standard_task_runner.py:105} INFO - Job 19: Subtask save_statistics
[2026-07-17T18:44:17.125+0000] {task_command.py:467} INFO - Running <TaskInstance: athlete_data_ingestion.save_statistics manual__2026-07-17T18:44:13+00:00 [running]> on host 877651ed9d70
[2026-07-17T18:44:17.169+0000] {taskinstance.py:3134} INFO - Exporting env vars: AIRFLOW_CTX_DAG_OWNER='airflow' AIRFLOW_CTX_DAG_ID='***_data_ingestion' AIRFLOW_CTX_TASK_ID='save_statistics' AIRFLOW_CTX_EXECUTION_DATE='2026-07-17T18:44:13+00:00' AIRFLOW_CTX_TRY_NUMBER='1' AIRFLOW_CTX_DAG_RUN_ID='manual__2026-07-17T18:44:13+00:00'
[2026-07-17T18:44:17.170+0000] {taskinstance.py:732} INFO - ::endgroup::
[2026-07-17T18:44:17.171+0000] {crypto.py:82} WARNING - empty cryptography key - values will not be stored encrypted.
[2026-07-17T18:44:17.171+0000] {base.py:84} INFO - Retrieving connection 'postgres_default'
[2026-07-17T18:44:17.174+0000] {sql.py:511} INFO - Running statement: 
            CREATE TABLE IF NOT EXISTS ingestion_stats (
                id SERIAL PRIMARY KEY,
                filename VARCHAR NOT NULL,
                ingestion_time TIMESTAMP DEFAULT CURRENT_TIMESTAMP,
                total_rows INTEGER,
                valid_rows INTEGER,
                invalid_rows INTEGER,
                invalid_percentage FLOAT,
                missing_columns INTEGER,
                criticality VARCHAR,
                validation_success VARCHAR,
                report_file VARCHAR
            )
        , parameters: None
[2026-07-17T18:44:17.177+0000] {sql.py:511} INFO - Running statement: 
            INSERT INTO ingestion_stats
            (
                filename,
                total_rows,
                valid_rows,
                invalid_rows,
                invalid_percentage,
                missing_columns,
                criticality,
                validation_success
            )
            VALUES (%s,%s,%s,%s,%s,%s,%s,%s)
            , parameters: ('batch_780.csv', 10, 0, 10, 100.0, 0, 'High', 'False')
[2026-07-17T18:44:17.177+0000] {sql.py:520} INFO - Rows affected: 1
[2026-07-17T18:44:17.178+0000] {python.py:240} INFO - Done. Returned value was: None
[2026-07-17T18:44:17.182+0000] {taskinstance.py:341} INFO - ::group::Post task execution logs
[2026-07-17T18:44:17.183+0000] {taskinstance.py:353} INFO - Marking task as SUCCESS. dag_id=***_data_ingestion, task_id=save_statistics, run_id=manual__2026-07-17T18:44:13+00:00, execution_date=20260717T184413, start_date=20260717T184417, end_date=20260717T184417
[2026-07-17T18:44:17.197+0000] {local_task_job_runner.py:266} INFO - Task exited with return code 0
[2026-07-17T18:44:17.205+0000] {taskinstance.py:3901} INFO - 0 downstream tasks scheduled from follow-on schedule check
[2026-07-17T18:44:17.206+0000] {local_task_job_runner.py:245} INFO - ::endgroup::
