[2026-07-17T18:45:02.445+0000] {local_task_job_runner.py:123} INFO - ::group::Pre task execution logs
[2026-07-17T18:45:02.454+0000] {taskinstance.py:2614} INFO - Dependencies all met for dep_context=non-requeueable deps ti=<TaskInstance: athlete_data_ingestion.save_statistics scheduled__2026-07-17T18:44:00+00:00 [queued]>
[2026-07-17T18:45:02.461+0000] {taskinstance.py:2614} INFO - Dependencies all met for dep_context=requeueable deps ti=<TaskInstance: athlete_data_ingestion.save_statistics scheduled__2026-07-17T18:44:00+00:00 [queued]>
[2026-07-17T18:45:02.462+0000] {taskinstance.py:2867} INFO - Starting attempt 1 of 1
[2026-07-17T18:45:02.469+0000] {taskinstance.py:2890} INFO - Executing <Task(_PythonDecoratedOperator): save_statistics> on 2026-07-17 18:44:00+00:00
[2026-07-17T18:45:02.473+0000] {standard_task_runner.py:104} INFO - Running: ['airflow', 'tasks', 'run', '***_data_ingestion', 'save_statistics', 'scheduled__2026-07-17T18:44:00+00:00', '--job-id', '23', '--raw', '--subdir', 'DAGS_FOLDER/ingestion_dag.py', '--cfg-path', '/tmp/tmpm1xv9_l4']
[2026-07-17T18:45:02.475+0000] {standard_task_runner.py:105} INFO - Job 23: Subtask save_statistics
[2026-07-17T18:45:02.472+0000] {standard_task_runner.py:72} INFO - Started process 628 to run task
[2026-07-17T18:45:02.500+0000] {task_command.py:467} INFO - Running <TaskInstance: athlete_data_ingestion.save_statistics scheduled__2026-07-17T18:44:00+00:00 [running]> on host 877651ed9d70
[2026-07-17T18:45:02.538+0000] {taskinstance.py:3134} INFO - Exporting env vars: AIRFLOW_CTX_DAG_OWNER='airflow' AIRFLOW_CTX_DAG_ID='***_data_ingestion' AIRFLOW_CTX_TASK_ID='save_statistics' AIRFLOW_CTX_EXECUTION_DATE='2026-07-17T18:44:00+00:00' AIRFLOW_CTX_TRY_NUMBER='1' AIRFLOW_CTX_DAG_RUN_ID='scheduled__2026-07-17T18:44:00+00:00'
[2026-07-17T18:45:02.539+0000] {taskinstance.py:732} INFO - ::endgroup::
[2026-07-17T18:45:02.540+0000] {crypto.py:82} WARNING - empty cryptography key - values will not be stored encrypted.
[2026-07-17T18:45:02.541+0000] {base.py:84} INFO - Retrieving connection 'postgres_default'
[2026-07-17T18:45:02.543+0000] {sql.py:511} INFO - Running statement: 
            CREATE TABLE IF NOT EXISTS ingestion_stats (
                id SERIAL PRIMARY KEY,
                filename VARCHAR NOT NULL,
                ingestion_time TIMESTAMP DEFAULT CURRENT_TIMESTAMP,
                total_rows INTEGER,
                valid_rows INTEGER,
                invalid_rows INTEGER,
                invalid_percentage FLOAT,
                missing_columns INTEGER,
                criticality VARCHAR,
                validation_success VARCHAR,
                report_file VARCHAR
            )
        , parameters: None
[2026-07-17T18:45:02.546+0000] {sql.py:511} INFO - Running statement: 
            INSERT INTO ingestion_stats
            (
                filename,
                total_rows,
                valid_rows,
                invalid_rows,
                invalid_percentage,
                missing_columns,
                criticality,
                validation_success
            )
            VALUES (%s,%s,%s,%s,%s,%s,%s,%s)
            , parameters: ('batch_286.csv', 10, 1, 9, 90.0, 0, 'High', 'False')
[2026-07-17T18:45:02.546+0000] {sql.py:520} INFO - Rows affected: 1
[2026-07-17T18:45:02.546+0000] {python.py:240} INFO - Done. Returned value was: None
[2026-07-17T18:45:02.551+0000] {taskinstance.py:341} INFO - ::group::Post task execution logs
[2026-07-17T18:45:02.552+0000] {taskinstance.py:353} INFO - Marking task as SUCCESS. dag_id=***_data_ingestion, task_id=save_statistics, run_id=scheduled__2026-07-17T18:44:00+00:00, execution_date=20260717T184400, start_date=20260717T184502, end_date=20260717T184502
[2026-07-17T18:45:02.568+0000] {local_task_job_runner.py:266} INFO - Task exited with return code 0
[2026-07-17T18:45:02.575+0000] {taskinstance.py:3901} INFO - 0 downstream tasks scheduled from follow-on schedule check
[2026-07-17T18:45:02.575+0000] {local_task_job_runner.py:245} INFO - ::endgroup::
