[2026-07-17T18:34:35.053+0000] {processor.py:186} INFO - Started process (PID=169) to work on /opt/airflow/dags/prediction_dag.py
[2026-07-17T18:34:35.055+0000] {processor.py:914} INFO - Processing file /opt/airflow/dags/prediction_dag.py for tasks to queue
[2026-07-17T18:34:35.064+0000] {logging_mixin.py:190} INFO - [2026-07-17T18:34:35.063+0000] {dagbag.py:588} INFO - Filling up the DagBag from /opt/airflow/dags/prediction_dag.py
[2026-07-17T18:34:35.375+0000] {processor.py:925} INFO - DAG(s) 'athlete_prediction_job' retrieved from /opt/airflow/dags/prediction_dag.py
[2026-07-17T18:34:35.491+0000] {logging_mixin.py:190} INFO - [2026-07-17T18:34:35.491+0000] {override.py:1912} INFO - Created Permission View: can edit on DAG:athlete_prediction_job
[2026-07-17T18:34:35.495+0000] {logging_mixin.py:190} INFO - [2026-07-17T18:34:35.495+0000] {override.py:1912} INFO - Created Permission View: can read on DAG:athlete_prediction_job
[2026-07-17T18:34:35.497+0000] {logging_mixin.py:190} INFO - [2026-07-17T18:34:35.497+0000] {override.py:1912} INFO - Created Permission View: can delete on DAG:athlete_prediction_job
[2026-07-17T18:34:35.499+0000] {logging_mixin.py:190} INFO - [2026-07-17T18:34:35.498+0000] {override.py:1912} INFO - Created Permission View: can create on DAG Run:athlete_prediction_job
[2026-07-17T18:34:35.500+0000] {logging_mixin.py:190} INFO - [2026-07-17T18:34:35.500+0000] {override.py:1912} INFO - Created Permission View: menu access on DAG Run:athlete_prediction_job
[2026-07-17T18:34:35.502+0000] {logging_mixin.py:190} INFO - [2026-07-17T18:34:35.502+0000] {override.py:1912} INFO - Created Permission View: can read on DAG Run:athlete_prediction_job
[2026-07-17T18:34:35.504+0000] {logging_mixin.py:190} INFO - [2026-07-17T18:34:35.504+0000] {override.py:1912} INFO - Created Permission View: can delete on DAG Run:athlete_prediction_job
[2026-07-17T18:34:35.505+0000] {logging_mixin.py:190} INFO - [2026-07-17T18:34:35.505+0000] {dag.py:3239} INFO - Sync 1 DAGs
[2026-07-17T18:34:35.511+0000] {logging_mixin.py:190} INFO - [2026-07-17T18:34:35.511+0000] {dag.py:3262} INFO - Creating ORM DAG for athlete_prediction_job
[2026-07-17T18:34:35.516+0000] {logging_mixin.py:190} INFO - [2026-07-17T18:34:35.516+0000] {dag.py:4180} INFO - Setting next_dagrun for athlete_prediction_job to 2026-07-17 18:32:00+00:00, run_after=2026-07-17 18:34:00+00:00
[2026-07-17T18:34:35.527+0000] {processor.py:208} INFO - Processing /opt/airflow/dags/prediction_dag.py took 0.476 seconds
[2026-07-17T18:35:05.812+0000] {processor.py:186} INFO - Started process (PID=181) to work on /opt/airflow/dags/prediction_dag.py
[2026-07-17T18:35:05.812+0000] {processor.py:914} INFO - Processing file /opt/airflow/dags/prediction_dag.py for tasks to queue
[2026-07-17T18:35:05.813+0000] {logging_mixin.py:190} INFO - [2026-07-17T18:35:05.813+0000] {dagbag.py:588} INFO - Filling up the DagBag from /opt/airflow/dags/prediction_dag.py
[2026-07-17T18:35:05.954+0000] {processor.py:925} INFO - DAG(s) 'athlete_prediction_job' retrieved from /opt/airflow/dags/prediction_dag.py
[2026-07-17T18:35:05.972+0000] {logging_mixin.py:190} INFO - [2026-07-17T18:35:05.969+0000] {dag.py:3239} INFO - Sync 1 DAGs
[2026-07-17T18:35:05.987+0000] {logging_mixin.py:190} INFO - [2026-07-17T18:35:05.987+0000] {dag.py:4180} INFO - Setting next_dagrun for athlete_prediction_job to 2026-07-17 18:32:00+00:00, run_after=2026-07-17 18:34:00+00:00
[2026-07-17T18:35:05.998+0000] {processor.py:208} INFO - Processing /opt/airflow/dags/prediction_dag.py took 0.193 seconds
[2026-07-17T18:35:36.123+0000] {processor.py:186} INFO - Started process (PID=193) to work on /opt/airflow/dags/prediction_dag.py
[2026-07-17T18:35:36.124+0000] {processor.py:914} INFO - Processing file /opt/airflow/dags/prediction_dag.py for tasks to queue
[2026-07-17T18:35:36.126+0000] {logging_mixin.py:190} INFO - [2026-07-17T18:35:36.125+0000] {dagbag.py:588} INFO - Filling up the DagBag from /opt/airflow/dags/prediction_dag.py
[2026-07-17T18:35:36.242+0000] {processor.py:925} INFO - DAG(s) 'athlete_prediction_job' retrieved from /opt/airflow/dags/prediction_dag.py
[2026-07-17T18:35:36.254+0000] {logging_mixin.py:190} INFO - [2026-07-17T18:35:36.253+0000] {dag.py:3239} INFO - Sync 1 DAGs
[2026-07-17T18:35:36.261+0000] {logging_mixin.py:190} INFO - [2026-07-17T18:35:36.261+0000] {dag.py:4180} INFO - Setting next_dagrun for athlete_prediction_job to 2026-07-17 18:32:00+00:00, run_after=2026-07-17 18:34:00+00:00
[2026-07-17T18:35:36.270+0000] {processor.py:208} INFO - Processing /opt/airflow/dags/prediction_dag.py took 0.153 seconds
[2026-07-17T18:36:06.471+0000] {processor.py:186} INFO - Started process (PID=205) to work on /opt/airflow/dags/prediction_dag.py
[2026-07-17T18:36:06.472+0000] {processor.py:914} INFO - Processing file /opt/airflow/dags/prediction_dag.py for tasks to queue
[2026-07-17T18:36:06.475+0000] {logging_mixin.py:190} INFO - [2026-07-17T18:36:06.474+0000] {dagbag.py:588} INFO - Filling up the DagBag from /opt/airflow/dags/prediction_dag.py
[2026-07-17T18:36:06.598+0000] {processor.py:925} INFO - DAG(s) 'athlete_prediction_job' retrieved from /opt/airflow/dags/prediction_dag.py
[2026-07-17T18:36:06.608+0000] {logging_mixin.py:190} INFO - [2026-07-17T18:36:06.608+0000] {dag.py:3239} INFO - Sync 1 DAGs
[2026-07-17T18:36:06.617+0000] {logging_mixin.py:190} INFO - [2026-07-17T18:36:06.617+0000] {dag.py:4180} INFO - Setting next_dagrun for athlete_prediction_job to 2026-07-17 18:34:00+00:00, run_after=2026-07-17 18:36:00+00:00
[2026-07-17T18:36:06.625+0000] {processor.py:208} INFO - Processing /opt/airflow/dags/prediction_dag.py took 0.161 seconds
[2026-07-17T18:36:36.896+0000] {processor.py:186} INFO - Started process (PID=217) to work on /opt/airflow/dags/prediction_dag.py
[2026-07-17T18:36:36.898+0000] {processor.py:914} INFO - Processing file /opt/airflow/dags/prediction_dag.py for tasks to queue
[2026-07-17T18:36:36.901+0000] {logging_mixin.py:190} INFO - [2026-07-17T18:36:36.900+0000] {dagbag.py:588} INFO - Filling up the DagBag from /opt/airflow/dags/prediction_dag.py
[2026-07-17T18:36:37.017+0000] {processor.py:925} INFO - DAG(s) 'athlete_prediction_job' retrieved from /opt/airflow/dags/prediction_dag.py
[2026-07-17T18:36:37.028+0000] {logging_mixin.py:190} INFO - [2026-07-17T18:36:37.028+0000] {dag.py:3239} INFO - Sync 1 DAGs
[2026-07-17T18:36:37.039+0000] {logging_mixin.py:190} INFO - [2026-07-17T18:36:37.038+0000] {dag.py:4180} INFO - Setting next_dagrun for athlete_prediction_job to 2026-07-17 18:34:00+00:00, run_after=2026-07-17 18:36:00+00:00
[2026-07-17T18:36:37.047+0000] {processor.py:208} INFO - Processing /opt/airflow/dags/prediction_dag.py took 0.158 seconds
[2026-07-17T18:37:07.227+0000] {processor.py:186} INFO - Started process (PID=229) to work on /opt/airflow/dags/prediction_dag.py
[2026-07-17T18:37:07.227+0000] {processor.py:914} INFO - Processing file /opt/airflow/dags/prediction_dag.py for tasks to queue
[2026-07-17T18:37:07.229+0000] {logging_mixin.py:190} INFO - [2026-07-17T18:37:07.228+0000] {dagbag.py:588} INFO - Filling up the DagBag from /opt/airflow/dags/prediction_dag.py
[2026-07-17T18:37:07.359+0000] {processor.py:925} INFO - DAG(s) 'athlete_prediction_job' retrieved from /opt/airflow/dags/prediction_dag.py
[2026-07-17T18:37:07.374+0000] {logging_mixin.py:190} INFO - [2026-07-17T18:37:07.373+0000] {dag.py:3239} INFO - Sync 1 DAGs
[2026-07-17T18:37:07.383+0000] {logging_mixin.py:190} INFO - [2026-07-17T18:37:07.383+0000] {dag.py:4180} INFO - Setting next_dagrun for athlete_prediction_job to 2026-07-17 18:34:00+00:00, run_after=2026-07-17 18:36:00+00:00
[2026-07-17T18:37:07.394+0000] {processor.py:208} INFO - Processing /opt/airflow/dags/prediction_dag.py took 0.172 seconds
[2026-07-17T18:37:37.566+0000] {processor.py:186} INFO - Started process (PID=241) to work on /opt/airflow/dags/prediction_dag.py
[2026-07-17T18:37:37.566+0000] {processor.py:914} INFO - Processing file /opt/airflow/dags/prediction_dag.py for tasks to queue
[2026-07-17T18:37:37.568+0000] {logging_mixin.py:190} INFO - [2026-07-17T18:37:37.567+0000] {dagbag.py:588} INFO - Filling up the DagBag from /opt/airflow/dags/prediction_dag.py
[2026-07-17T18:37:37.684+0000] {processor.py:925} INFO - DAG(s) 'athlete_prediction_job' retrieved from /opt/airflow/dags/prediction_dag.py
[2026-07-17T18:37:37.694+0000] {logging_mixin.py:190} INFO - [2026-07-17T18:37:37.694+0000] {dag.py:3239} INFO - Sync 1 DAGs
[2026-07-17T18:37:37.703+0000] {logging_mixin.py:190} INFO - [2026-07-17T18:37:37.703+0000] {dag.py:4180} INFO - Setting next_dagrun for athlete_prediction_job to 2026-07-17 18:34:00+00:00, run_after=2026-07-17 18:36:00+00:00
[2026-07-17T18:37:37.708+0000] {processor.py:208} INFO - Processing /opt/airflow/dags/prediction_dag.py took 0.148 seconds
[2026-07-17T18:38:07.993+0000] {processor.py:186} INFO - Started process (PID=253) to work on /opt/airflow/dags/prediction_dag.py
[2026-07-17T18:38:07.995+0000] {processor.py:914} INFO - Processing file /opt/airflow/dags/prediction_dag.py for tasks to queue
[2026-07-17T18:38:07.997+0000] {logging_mixin.py:190} INFO - [2026-07-17T18:38:07.997+0000] {dagbag.py:588} INFO - Filling up the DagBag from /opt/airflow/dags/prediction_dag.py
[2026-07-17T18:38:08.120+0000] {processor.py:925} INFO - DAG(s) 'athlete_prediction_job' retrieved from /opt/airflow/dags/prediction_dag.py
[2026-07-17T18:38:08.132+0000] {logging_mixin.py:190} INFO - [2026-07-17T18:38:08.131+0000] {dag.py:3239} INFO - Sync 1 DAGs
[2026-07-17T18:38:08.139+0000] {logging_mixin.py:190} INFO - [2026-07-17T18:38:08.139+0000] {dag.py:4180} INFO - Setting next_dagrun for athlete_prediction_job to 2026-07-17 18:36:00+00:00, run_after=2026-07-17 18:38:00+00:00
[2026-07-17T18:38:08.148+0000] {processor.py:208} INFO - Processing /opt/airflow/dags/prediction_dag.py took 0.162 seconds
[2026-07-17T18:38:38.339+0000] {processor.py:186} INFO - Started process (PID=265) to work on /opt/airflow/dags/prediction_dag.py
[2026-07-17T18:38:38.340+0000] {processor.py:914} INFO - Processing file /opt/airflow/dags/prediction_dag.py for tasks to queue
[2026-07-17T18:38:38.343+0000] {logging_mixin.py:190} INFO - [2026-07-17T18:38:38.342+0000] {dagbag.py:588} INFO - Filling up the DagBag from /opt/airflow/dags/prediction_dag.py
[2026-07-17T18:38:38.467+0000] {processor.py:925} INFO - DAG(s) 'athlete_prediction_job' retrieved from /opt/airflow/dags/prediction_dag.py
[2026-07-17T18:38:38.479+0000] {logging_mixin.py:190} INFO - [2026-07-17T18:38:38.479+0000] {dag.py:3239} INFO - Sync 1 DAGs
[2026-07-17T18:38:38.488+0000] {logging_mixin.py:190} INFO - [2026-07-17T18:38:38.488+0000] {dag.py:4180} INFO - Setting next_dagrun for athlete_prediction_job to 2026-07-17 18:36:00+00:00, run_after=2026-07-17 18:38:00+00:00
[2026-07-17T18:38:38.495+0000] {processor.py:208} INFO - Processing /opt/airflow/dags/prediction_dag.py took 0.162 seconds
[2026-07-17T18:39:08.742+0000] {processor.py:186} INFO - Started process (PID=294) to work on /opt/airflow/dags/prediction_dag.py
[2026-07-17T18:39:08.744+0000] {processor.py:914} INFO - Processing file /opt/airflow/dags/prediction_dag.py for tasks to queue
[2026-07-17T18:39:08.753+0000] {logging_mixin.py:190} INFO - [2026-07-17T18:39:08.751+0000] {dagbag.py:588} INFO - Filling up the DagBag from /opt/airflow/dags/prediction_dag.py
[2026-07-17T18:39:08.913+0000] {processor.py:925} INFO - DAG(s) 'athlete_prediction_job' retrieved from /opt/airflow/dags/prediction_dag.py
[2026-07-17T18:39:08.931+0000] {logging_mixin.py:190} INFO - [2026-07-17T18:39:08.931+0000] {dag.py:3239} INFO - Sync 1 DAGs
[2026-07-17T18:39:08.946+0000] {logging_mixin.py:190} INFO - [2026-07-17T18:39:08.946+0000] {dag.py:4180} INFO - Setting next_dagrun for athlete_prediction_job to 2026-07-17 18:36:00+00:00, run_after=2026-07-17 18:38:00+00:00
[2026-07-17T18:39:08.954+0000] {processor.py:208} INFO - Processing /opt/airflow/dags/prediction_dag.py took 0.220 seconds
[2026-07-17T18:39:39.067+0000] {processor.py:186} INFO - Started process (PID=323) to work on /opt/airflow/dags/prediction_dag.py
[2026-07-17T18:39:39.068+0000] {processor.py:914} INFO - Processing file /opt/airflow/dags/prediction_dag.py for tasks to queue
[2026-07-17T18:39:39.069+0000] {logging_mixin.py:190} INFO - [2026-07-17T18:39:39.069+0000] {dagbag.py:588} INFO - Filling up the DagBag from /opt/airflow/dags/prediction_dag.py
[2026-07-17T18:39:39.217+0000] {processor.py:925} INFO - DAG(s) 'athlete_prediction_job' retrieved from /opt/airflow/dags/prediction_dag.py
[2026-07-17T18:39:39.231+0000] {logging_mixin.py:190} INFO - [2026-07-17T18:39:39.231+0000] {dag.py:3239} INFO - Sync 1 DAGs
[2026-07-17T18:39:39.241+0000] {logging_mixin.py:190} INFO - [2026-07-17T18:39:39.241+0000] {dag.py:4180} INFO - Setting next_dagrun for athlete_prediction_job to 2026-07-17 18:36:00+00:00, run_after=2026-07-17 18:38:00+00:00
[2026-07-17T18:39:39.249+0000] {processor.py:208} INFO - Processing /opt/airflow/dags/prediction_dag.py took 0.185 seconds
[2026-07-17T18:40:09.584+0000] {processor.py:186} INFO - Started process (PID=365) to work on /opt/airflow/dags/prediction_dag.py
[2026-07-17T18:40:09.585+0000] {processor.py:914} INFO - Processing file /opt/airflow/dags/prediction_dag.py for tasks to queue
[2026-07-17T18:40:09.588+0000] {logging_mixin.py:190} INFO - [2026-07-17T18:40:09.587+0000] {dagbag.py:588} INFO - Filling up the DagBag from /opt/airflow/dags/prediction_dag.py
[2026-07-17T18:40:09.738+0000] {processor.py:925} INFO - DAG(s) 'athlete_prediction_job' retrieved from /opt/airflow/dags/prediction_dag.py
[2026-07-17T18:40:09.756+0000] {logging_mixin.py:190} INFO - [2026-07-17T18:40:09.756+0000] {dag.py:3239} INFO - Sync 1 DAGs
[2026-07-17T18:40:09.770+0000] {logging_mixin.py:190} INFO - [2026-07-17T18:40:09.770+0000] {dag.py:4180} INFO - Setting next_dagrun for athlete_prediction_job to 2026-07-17 18:40:00+00:00, run_after=2026-07-17 18:42:00+00:00
[2026-07-17T18:40:09.777+0000] {processor.py:208} INFO - Processing /opt/airflow/dags/prediction_dag.py took 0.202 seconds
[2026-07-17T18:40:39.983+0000] {processor.py:186} INFO - Started process (PID=377) to work on /opt/airflow/dags/prediction_dag.py
[2026-07-17T18:40:39.985+0000] {processor.py:914} INFO - Processing file /opt/airflow/dags/prediction_dag.py for tasks to queue
[2026-07-17T18:40:39.987+0000] {logging_mixin.py:190} INFO - [2026-07-17T18:40:39.987+0000] {dagbag.py:588} INFO - Filling up the DagBag from /opt/airflow/dags/prediction_dag.py
[2026-07-17T18:40:40.166+0000] {processor.py:925} INFO - DAG(s) 'athlete_prediction_job' retrieved from /opt/airflow/dags/prediction_dag.py
[2026-07-17T18:40:40.187+0000] {logging_mixin.py:190} INFO - [2026-07-17T18:40:40.187+0000] {dag.py:3239} INFO - Sync 1 DAGs
[2026-07-17T18:40:40.208+0000] {logging_mixin.py:190} INFO - [2026-07-17T18:40:40.208+0000] {dag.py:4180} INFO - Setting next_dagrun for athlete_prediction_job to 2026-07-17 18:40:00+00:00, run_after=2026-07-17 18:42:00+00:00
[2026-07-17T18:40:40.215+0000] {processor.py:208} INFO - Processing /opt/airflow/dags/prediction_dag.py took 0.244 seconds
[2026-07-17T18:41:10.392+0000] {processor.py:186} INFO - Started process (PID=407) to work on /opt/airflow/dags/prediction_dag.py
[2026-07-17T18:41:10.393+0000] {processor.py:914} INFO - Processing file /opt/airflow/dags/prediction_dag.py for tasks to queue
[2026-07-17T18:41:10.395+0000] {logging_mixin.py:190} INFO - [2026-07-17T18:41:10.395+0000] {dagbag.py:588} INFO - Filling up the DagBag from /opt/airflow/dags/prediction_dag.py
[2026-07-17T18:41:10.575+0000] {processor.py:925} INFO - DAG(s) 'athlete_prediction_job' retrieved from /opt/airflow/dags/prediction_dag.py
[2026-07-17T18:41:10.595+0000] {logging_mixin.py:190} INFO - [2026-07-17T18:41:10.595+0000] {dag.py:3239} INFO - Sync 1 DAGs
[2026-07-17T18:41:10.617+0000] {logging_mixin.py:190} INFO - [2026-07-17T18:41:10.617+0000] {dag.py:4180} INFO - Setting next_dagrun for athlete_prediction_job to 2026-07-17 18:40:00+00:00, run_after=2026-07-17 18:42:00+00:00
[2026-07-17T18:41:10.628+0000] {processor.py:208} INFO - Processing /opt/airflow/dags/prediction_dag.py took 0.244 seconds
[2026-07-17T18:41:40.818+0000] {processor.py:186} INFO - Started process (PID=419) to work on /opt/airflow/dags/prediction_dag.py
[2026-07-17T18:41:40.819+0000] {processor.py:914} INFO - Processing file /opt/airflow/dags/prediction_dag.py for tasks to queue
[2026-07-17T18:41:40.821+0000] {logging_mixin.py:190} INFO - [2026-07-17T18:41:40.821+0000] {dagbag.py:588} INFO - Filling up the DagBag from /opt/airflow/dags/prediction_dag.py
[2026-07-17T18:41:41.113+0000] {processor.py:925} INFO - DAG(s) 'athlete_prediction_job' retrieved from /opt/airflow/dags/prediction_dag.py
[2026-07-17T18:41:41.140+0000] {logging_mixin.py:190} INFO - [2026-07-17T18:41:41.140+0000] {dag.py:3239} INFO - Sync 1 DAGs
[2026-07-17T18:41:41.155+0000] {logging_mixin.py:190} INFO - [2026-07-17T18:41:41.155+0000] {dag.py:4180} INFO - Setting next_dagrun for athlete_prediction_job to 2026-07-17 18:40:00+00:00, run_after=2026-07-17 18:42:00+00:00
[2026-07-17T18:41:41.165+0000] {processor.py:208} INFO - Processing /opt/airflow/dags/prediction_dag.py took 0.354 seconds
[2026-07-17T18:42:11.275+0000] {processor.py:186} INFO - Started process (PID=446) to work on /opt/airflow/dags/prediction_dag.py
[2026-07-17T18:42:11.276+0000] {processor.py:914} INFO - Processing file /opt/airflow/dags/prediction_dag.py for tasks to queue
[2026-07-17T18:42:11.278+0000] {logging_mixin.py:190} INFO - [2026-07-17T18:42:11.278+0000] {dagbag.py:588} INFO - Filling up the DagBag from /opt/airflow/dags/prediction_dag.py
[2026-07-17T18:42:11.397+0000] {processor.py:925} INFO - DAG(s) 'athlete_prediction_job' retrieved from /opt/airflow/dags/prediction_dag.py
[2026-07-17T18:42:11.410+0000] {logging_mixin.py:190} INFO - [2026-07-17T18:42:11.410+0000] {dag.py:3239} INFO - Sync 1 DAGs
[2026-07-17T18:42:11.420+0000] {logging_mixin.py:190} INFO - [2026-07-17T18:42:11.420+0000] {dag.py:4180} INFO - Setting next_dagrun for athlete_prediction_job to 2026-07-17 18:42:00+00:00, run_after=2026-07-17 18:44:00+00:00
[2026-07-17T18:42:11.428+0000] {processor.py:208} INFO - Processing /opt/airflow/dags/prediction_dag.py took 0.161 seconds
[2026-07-17T18:42:41.783+0000] {processor.py:186} INFO - Started process (PID=458) to work on /opt/airflow/dags/prediction_dag.py
[2026-07-17T18:42:41.784+0000] {processor.py:914} INFO - Processing file /opt/airflow/dags/prediction_dag.py for tasks to queue
[2026-07-17T18:42:41.787+0000] {logging_mixin.py:190} INFO - [2026-07-17T18:42:41.786+0000] {dagbag.py:588} INFO - Filling up the DagBag from /opt/airflow/dags/prediction_dag.py
[2026-07-17T18:42:41.969+0000] {processor.py:925} INFO - DAG(s) 'athlete_prediction_job' retrieved from /opt/airflow/dags/prediction_dag.py
[2026-07-17T18:42:41.988+0000] {logging_mixin.py:190} INFO - [2026-07-17T18:42:41.988+0000] {dag.py:3239} INFO - Sync 1 DAGs
[2026-07-17T18:42:42.007+0000] {logging_mixin.py:190} INFO - [2026-07-17T18:42:42.007+0000] {dag.py:4180} INFO - Setting next_dagrun for athlete_prediction_job to 2026-07-17 18:42:00+00:00, run_after=2026-07-17 18:44:00+00:00
[2026-07-17T18:42:42.017+0000] {processor.py:208} INFO - Processing /opt/airflow/dags/prediction_dag.py took 0.240 seconds
[2026-07-17T18:43:12.143+0000] {processor.py:186} INFO - Started process (PID=474) to work on /opt/airflow/dags/prediction_dag.py
[2026-07-17T18:43:12.144+0000] {processor.py:914} INFO - Processing file /opt/airflow/dags/prediction_dag.py for tasks to queue
[2026-07-17T18:43:12.148+0000] {logging_mixin.py:190} INFO - [2026-07-17T18:43:12.147+0000] {dagbag.py:588} INFO - Filling up the DagBag from /opt/airflow/dags/prediction_dag.py
[2026-07-17T18:43:12.419+0000] {processor.py:925} INFO - DAG(s) 'athlete_prediction_job' retrieved from /opt/airflow/dags/prediction_dag.py
[2026-07-17T18:43:12.466+0000] {logging_mixin.py:190} INFO - [2026-07-17T18:43:12.465+0000] {dag.py:3239} INFO - Sync 1 DAGs
[2026-07-17T18:43:12.499+0000] {logging_mixin.py:190} INFO - [2026-07-17T18:43:12.499+0000] {dag.py:4180} INFO - Setting next_dagrun for athlete_prediction_job to 2026-07-17 18:42:00+00:00, run_after=2026-07-17 18:44:00+00:00
[2026-07-17T18:43:12.512+0000] {processor.py:208} INFO - Processing /opt/airflow/dags/prediction_dag.py took 0.380 seconds
[2026-07-17T18:43:42.767+0000] {processor.py:186} INFO - Started process (PID=493) to work on /opt/airflow/dags/prediction_dag.py
[2026-07-17T18:43:42.769+0000] {processor.py:914} INFO - Processing file /opt/airflow/dags/prediction_dag.py for tasks to queue
[2026-07-17T18:43:42.775+0000] {logging_mixin.py:190} INFO - [2026-07-17T18:43:42.774+0000] {dagbag.py:588} INFO - Filling up the DagBag from /opt/airflow/dags/prediction_dag.py
[2026-07-17T18:43:43.012+0000] {processor.py:925} INFO - DAG(s) 'athlete_prediction_job' retrieved from /opt/airflow/dags/prediction_dag.py
[2026-07-17T18:43:43.048+0000] {logging_mixin.py:190} INFO - [2026-07-17T18:43:43.047+0000] {dag.py:3239} INFO - Sync 1 DAGs
[2026-07-17T18:43:43.065+0000] {logging_mixin.py:190} INFO - [2026-07-17T18:43:43.065+0000] {dag.py:4180} INFO - Setting next_dagrun for athlete_prediction_job to 2026-07-17 18:42:00+00:00, run_after=2026-07-17 18:44:00+00:00
[2026-07-17T18:43:43.077+0000] {processor.py:208} INFO - Processing /opt/airflow/dags/prediction_dag.py took 0.322 seconds
[2026-07-17T18:44:13.369+0000] {processor.py:186} INFO - Started process (PID=554) to work on /opt/airflow/dags/prediction_dag.py
[2026-07-17T18:44:13.370+0000] {processor.py:914} INFO - Processing file /opt/airflow/dags/prediction_dag.py for tasks to queue
[2026-07-17T18:44:13.373+0000] {logging_mixin.py:190} INFO - [2026-07-17T18:44:13.372+0000] {dagbag.py:588} INFO - Filling up the DagBag from /opt/airflow/dags/prediction_dag.py
[2026-07-17T18:44:13.563+0000] {processor.py:925} INFO - DAG(s) 'athlete_prediction_job' retrieved from /opt/airflow/dags/prediction_dag.py
[2026-07-17T18:44:13.586+0000] {logging_mixin.py:190} INFO - [2026-07-17T18:44:13.586+0000] {dag.py:3239} INFO - Sync 1 DAGs
[2026-07-17T18:44:13.608+0000] {logging_mixin.py:190} INFO - [2026-07-17T18:44:13.608+0000] {dag.py:4180} INFO - Setting next_dagrun for athlete_prediction_job to 2026-07-17 18:44:00+00:00, run_after=2026-07-17 18:46:00+00:00
[2026-07-17T18:44:13.621+0000] {processor.py:208} INFO - Processing /opt/airflow/dags/prediction_dag.py took 0.258 seconds
[2026-07-17T18:44:43.775+0000] {processor.py:186} INFO - Started process (PID=602) to work on /opt/airflow/dags/prediction_dag.py
[2026-07-17T18:44:43.776+0000] {processor.py:914} INFO - Processing file /opt/airflow/dags/prediction_dag.py for tasks to queue
[2026-07-17T18:44:43.780+0000] {logging_mixin.py:190} INFO - [2026-07-17T18:44:43.780+0000] {dagbag.py:588} INFO - Filling up the DagBag from /opt/airflow/dags/prediction_dag.py
[2026-07-17T18:44:43.977+0000] {processor.py:925} INFO - DAG(s) 'athlete_prediction_job' retrieved from /opt/airflow/dags/prediction_dag.py
[2026-07-17T18:44:43.995+0000] {logging_mixin.py:190} INFO - [2026-07-17T18:44:43.995+0000] {dag.py:3239} INFO - Sync 1 DAGs
[2026-07-17T18:44:44.012+0000] {logging_mixin.py:190} INFO - [2026-07-17T18:44:44.012+0000] {dag.py:4180} INFO - Setting next_dagrun for athlete_prediction_job to 2026-07-17 18:44:00+00:00, run_after=2026-07-17 18:46:00+00:00
[2026-07-17T18:44:44.023+0000] {processor.py:208} INFO - Processing /opt/airflow/dags/prediction_dag.py took 0.255 seconds
[2026-07-17T18:45:14.259+0000] {processor.py:186} INFO - Started process (PID=634) to work on /opt/airflow/dags/prediction_dag.py
[2026-07-17T18:45:14.260+0000] {processor.py:914} INFO - Processing file /opt/airflow/dags/prediction_dag.py for tasks to queue
[2026-07-17T18:45:14.262+0000] {logging_mixin.py:190} INFO - [2026-07-17T18:45:14.262+0000] {dagbag.py:588} INFO - Filling up the DagBag from /opt/airflow/dags/prediction_dag.py
[2026-07-17T18:45:14.421+0000] {processor.py:925} INFO - DAG(s) 'athlete_prediction_job' retrieved from /opt/airflow/dags/prediction_dag.py
[2026-07-17T18:45:14.435+0000] {logging_mixin.py:190} INFO - [2026-07-17T18:45:14.435+0000] {dag.py:3239} INFO - Sync 1 DAGs
[2026-07-17T18:45:14.448+0000] {logging_mixin.py:190} INFO - [2026-07-17T18:45:14.448+0000] {dag.py:4180} INFO - Setting next_dagrun for athlete_prediction_job to 2026-07-17 18:44:00+00:00, run_after=2026-07-17 18:46:00+00:00
[2026-07-17T18:45:14.457+0000] {processor.py:208} INFO - Processing /opt/airflow/dags/prediction_dag.py took 0.208 seconds
