[2026-07-17T18:45:02.458+0000] {local_task_job_runner.py:123} INFO - ::group::Pre task execution logs
[2026-07-17T18:45:02.467+0000] {taskinstance.py:2614} INFO - Dependencies all met for dep_context=non-requeueable deps ti=<TaskInstance: athlete_data_ingestion.send_alerts scheduled__2026-07-17T18:44:00+00:00 [queued]>
[2026-07-17T18:45:02.473+0000] {taskinstance.py:2614} INFO - Dependencies all met for dep_context=requeueable deps ti=<TaskInstance: athlete_data_ingestion.send_alerts scheduled__2026-07-17T18:44:00+00:00 [queued]>
[2026-07-17T18:45:02.473+0000] {taskinstance.py:2867} INFO - Starting attempt 1 of 1
[2026-07-17T18:45:02.479+0000] {taskinstance.py:2890} INFO - Executing <Task(_PythonDecoratedOperator): send_alerts> on 2026-07-17 18:44:00+00:00
[2026-07-17T18:45:02.481+0000] {standard_task_runner.py:72} INFO - Started process 631 to run task
[2026-07-17T18:45:02.483+0000] {standard_task_runner.py:104} INFO - Running: ['airflow', 'tasks', 'run', '***_data_ingestion', 'send_alerts', 'scheduled__2026-07-17T18:44:00+00:00', '--job-id', '25', '--raw', '--subdir', 'DAGS_FOLDER/ingestion_dag.py', '--cfg-path', '/tmp/tmpc7x91ha3']
[2026-07-17T18:45:02.485+0000] {standard_task_runner.py:105} INFO - Job 25: Subtask send_alerts
[2026-07-17T18:45:02.507+0000] {task_command.py:467} INFO - Running <TaskInstance: athlete_data_ingestion.send_alerts scheduled__2026-07-17T18:44:00+00:00 [running]> on host 877651ed9d70
[2026-07-17T18:45:02.548+0000] {taskinstance.py:3134} INFO - Exporting env vars: AIRFLOW_CTX_DAG_OWNER='airflow' AIRFLOW_CTX_DAG_ID='***_data_ingestion' AIRFLOW_CTX_TASK_ID='send_alerts' AIRFLOW_CTX_EXECUTION_DATE='2026-07-17T18:44:00+00:00' AIRFLOW_CTX_TRY_NUMBER='1' AIRFLOW_CTX_DAG_RUN_ID='scheduled__2026-07-17T18:44:00+00:00'
[2026-07-17T18:45:02.549+0000] {taskinstance.py:732} INFO - ::endgroup::
[2026-07-17T18:45:02.550+0000] {logging_mixin.py:190} INFO - DATA QUALITY ALERT
File: batch_286.csv
Criticality: High
Invalid rows: 9/10
Summary: 9/10 rows failed data-quality checks
[2026-07-17T18:45:02.550+0000] {python.py:240} INFO - Done. Returned value was: None
[2026-07-17T18:45:02.555+0000] {taskinstance.py:341} INFO - ::group::Post task execution logs
[2026-07-17T18:45:02.555+0000] {taskinstance.py:353} INFO - Marking task as SUCCESS. dag_id=***_data_ingestion, task_id=send_alerts, run_id=scheduled__2026-07-17T18:44:00+00:00, execution_date=20260717T184400, start_date=20260717T184502, end_date=20260717T184502
[2026-07-17T18:45:02.577+0000] {local_task_job_runner.py:266} INFO - Task exited with return code 0
[2026-07-17T18:45:02.583+0000] {local_task_job_runner.py:245} INFO - ::endgroup::
