[2026-07-17T18:44:17.061+0000] {local_task_job_runner.py:123} INFO - ::group::Pre task execution logs
[2026-07-17T18:44:17.075+0000] {taskinstance.py:2614} INFO - Dependencies all met for dep_context=non-requeueable deps ti=<TaskInstance: athlete_data_ingestion.send_alerts manual__2026-07-17T18:44:13+00:00 [queued]>
[2026-07-17T18:44:17.080+0000] {taskinstance.py:2614} INFO - Dependencies all met for dep_context=requeueable deps ti=<TaskInstance: athlete_data_ingestion.send_alerts manual__2026-07-17T18:44:13+00:00 [queued]>
[2026-07-17T18:44:17.081+0000] {taskinstance.py:2867} INFO - Starting attempt 1 of 1
[2026-07-17T18:44:17.088+0000] {taskinstance.py:2890} INFO - Executing <Task(_PythonDecoratedOperator): send_alerts> on 2026-07-17 18:44:13+00:00
[2026-07-17T18:44:17.091+0000] {standard_task_runner.py:72} INFO - Started process 589 to run task
[2026-07-17T18:44:17.093+0000] {standard_task_runner.py:104} INFO - Running: ['airflow', 'tasks', 'run', '***_data_ingestion', 'send_alerts', 'manual__2026-07-17T18:44:13+00:00', '--job-id', '18', '--raw', '--subdir', 'DAGS_FOLDER/ingestion_dag.py', '--cfg-path', '/tmp/tmpyzgsb_v9']
[2026-07-17T18:44:17.094+0000] {standard_task_runner.py:105} INFO - Job 18: Subtask send_alerts
[2026-07-17T18:44:17.117+0000] {task_command.py:467} INFO - Running <TaskInstance: athlete_data_ingestion.send_alerts manual__2026-07-17T18:44:13+00:00 [running]> on host 877651ed9d70
[2026-07-17T18:44:17.159+0000] {taskinstance.py:3134} INFO - Exporting env vars: AIRFLOW_CTX_DAG_OWNER='airflow' AIRFLOW_CTX_DAG_ID='***_data_ingestion' AIRFLOW_CTX_TASK_ID='send_alerts' AIRFLOW_CTX_EXECUTION_DATE='2026-07-17T18:44:13+00:00' AIRFLOW_CTX_TRY_NUMBER='1' AIRFLOW_CTX_DAG_RUN_ID='manual__2026-07-17T18:44:13+00:00'
[2026-07-17T18:44:17.160+0000] {taskinstance.py:732} INFO - ::endgroup::
[2026-07-17T18:44:17.161+0000] {logging_mixin.py:190} INFO - DATA QUALITY ALERT
File: batch_780.csv
Criticality: High
Invalid rows: 10/10
Summary: 10/10 rows failed data-quality checks
[2026-07-17T18:44:17.161+0000] {python.py:240} INFO - Done. Returned value was: None
[2026-07-17T18:44:17.166+0000] {taskinstance.py:341} INFO - ::group::Post task execution logs
[2026-07-17T18:44:17.166+0000] {taskinstance.py:353} INFO - Marking task as SUCCESS. dag_id=***_data_ingestion, task_id=send_alerts, run_id=manual__2026-07-17T18:44:13+00:00, execution_date=20260717T184413, start_date=20260717T184417, end_date=20260717T184417
[2026-07-17T18:44:17.187+0000] {local_task_job_runner.py:266} INFO - Task exited with return code 0
[2026-07-17T18:44:17.195+0000] {taskinstance.py:3901} INFO - 0 downstream tasks scheduled from follow-on schedule check
[2026-07-17T18:44:17.196+0000] {local_task_job_runner.py:245} INFO - ::endgroup::
