[2026-07-17T18:44:02.949+0000] {local_task_job_runner.py:123} INFO - ::group::Pre task execution logs
[2026-07-17T18:44:02.957+0000] {taskinstance.py:2614} INFO - Dependencies all met for dep_context=non-requeueable deps ti=<TaskInstance: athlete_data_ingestion.send_alerts scheduled__2026-07-17T18:43:00+00:00 [queued]>
[2026-07-17T18:44:02.960+0000] {taskinstance.py:2614} INFO - Dependencies all met for dep_context=requeueable deps ti=<TaskInstance: athlete_data_ingestion.send_alerts scheduled__2026-07-17T18:43:00+00:00 [queued]>
[2026-07-17T18:44:02.961+0000] {taskinstance.py:2867} INFO - Starting attempt 1 of 1
[2026-07-17T18:44:02.965+0000] {taskinstance.py:2890} INFO - Executing <Task(_PythonDecoratedOperator): send_alerts> on 2026-07-17 18:43:00+00:00
[2026-07-17T18:44:02.969+0000] {standard_task_runner.py:72} INFO - Started process 545 to run task
[2026-07-17T18:44:02.972+0000] {standard_task_runner.py:104} INFO - Running: ['airflow', 'tasks', 'run', '***_data_ingestion', 'send_alerts', 'scheduled__2026-07-17T18:43:00+00:00', '--job-id', '15', '--raw', '--subdir', 'DAGS_FOLDER/ingestion_dag.py', '--cfg-path', '/tmp/tmphc69dg4p']
[2026-07-17T18:44:02.974+0000] {standard_task_runner.py:105} INFO - Job 15: Subtask send_alerts
[2026-07-17T18:44:03.020+0000] {task_command.py:467} INFO - Running <TaskInstance: athlete_data_ingestion.send_alerts scheduled__2026-07-17T18:43:00+00:00 [running]> on host 877651ed9d70
[2026-07-17T18:44:03.075+0000] {taskinstance.py:3134} INFO - Exporting env vars: AIRFLOW_CTX_DAG_OWNER='airflow' AIRFLOW_CTX_DAG_ID='***_data_ingestion' AIRFLOW_CTX_TASK_ID='send_alerts' AIRFLOW_CTX_EXECUTION_DATE='2026-07-17T18:43:00+00:00' AIRFLOW_CTX_TRY_NUMBER='1' AIRFLOW_CTX_DAG_RUN_ID='scheduled__2026-07-17T18:43:00+00:00'
[2026-07-17T18:44:03.076+0000] {taskinstance.py:732} INFO - ::endgroup::
[2026-07-17T18:44:03.077+0000] {logging_mixin.py:190} INFO - DATA QUALITY ALERT
File: batch_748.csv
Criticality: High
Invalid rows: 10/10
Summary: 10/10 rows failed data-quality checks
[2026-07-17T18:44:03.078+0000] {python.py:240} INFO - Done. Returned value was: None
[2026-07-17T18:44:03.083+0000] {taskinstance.py:341} INFO - ::group::Post task execution logs
[2026-07-17T18:44:03.083+0000] {taskinstance.py:353} INFO - Marking task as SUCCESS. dag_id=***_data_ingestion, task_id=send_alerts, run_id=scheduled__2026-07-17T18:43:00+00:00, execution_date=20260717T184300, start_date=20260717T184402, end_date=20260717T184403
[2026-07-17T18:44:03.106+0000] {local_task_job_runner.py:266} INFO - Task exited with return code 0
[2026-07-17T18:44:03.113+0000] {local_task_job_runner.py:245} INFO - ::endgroup::
